<?xml version="1.0" encoding="UTF-8"?>
<testng-results ignored="0" total="1" passed="1" failed="0" skipped="0">
  <reporter-output>
  </reporter-output>
  <suite started-at="2021-01-28T19:44:46Z" name="Surefire suite" finished-at="2021-01-28T19:44:55Z" duration-ms="8936">
    <groups>
    </groups>
    <test started-at="2021-01-28T19:44:46Z" name="Surefire test" finished-at="2021-01-28T19:44:55Z" duration-ms="8936">
      <class name="tests.TestNameTest">
        <test-method signature="nameTest()[pri:0, instance:tests.TestNameTest@31f924f5]" started-at="2021-01-28T19:44:46Z" name="nameTest" finished-at="2021-01-28T19:44:55Z" duration-ms="8911" status="PASS">
          <reporter-output>
          </reporter-output>
        </test-method> <!-- nameTest -->
      </class> <!-- tests.TestNameTest -->
    </test> <!-- Surefire test -->
  </suite> <!-- Surefire suite -->
</testng-results>
