<?xml version="1.0" encoding="UTF-8"?>
<testng-results skipped="0" failed="0" ignored="0" total="1" passed="1">
  <reporter-output>
  </reporter-output>
  <suite name="Default suite" duration-ms="10728" started-at="2021-01-29T21:25:52Z" finished-at="2021-01-29T21:26:02Z">
    <groups>
    </groups>
    <test name="Default test" duration-ms="10728" started-at="2021-01-29T21:25:52Z" finished-at="2021-01-29T21:26:02Z">
      <class name="tests.MultiBrowserTest">
        <test-method status="PASS" signature="browserTest()[pri:0, instance:tests.MultiBrowserTest@5b275dab]" name="browserTest" is-config="true" duration-ms="4893" started-at="2021-01-29T21:25:52Z" finished-at="2021-01-29T21:25:57Z">
          <reporter-output>
          </reporter-output>
        </test-method> <!-- browserTest -->
        <test-method status="PASS" signature="openGoogle()[pri:0, instance:tests.MultiBrowserTest@5b275dab]" name="openGoogle" duration-ms="5469" started-at="2021-01-29T21:25:57Z" finished-at="2021-01-29T21:26:02Z">
          <reporter-output>
          </reporter-output>
        </test-method> <!-- openGoogle -->
        <test-method status="PASS" signature="tearDown()[pri:0, instance:tests.MultiBrowserTest@5b275dab]" name="tearDown" is-config="true" duration-ms="344" started-at="2021-01-29T21:26:02Z" finished-at="2021-01-29T21:26:02Z">
          <reporter-output>
          </reporter-output>
        </test-method> <!-- tearDown -->
      </class> <!-- tests.MultiBrowserTest -->
    </test> <!-- Default test -->
  </suite> <!-- Default suite -->
</testng-results>
