<?xml version="1.0" encoding="UTF-8"?>
<testng-results skipped="0" failed="0" ignored="0" total="1" passed="1">
  <reporter-output>
  </reporter-output>
  <suite name="Default suite" duration-ms="47" started-at="2021-01-28T18:14:34Z" finished-at="2021-01-28T18:14:34Z">
    <groups>
    </groups>
    <test name="Default test" duration-ms="47" started-at="2021-01-28T18:14:34Z" finished-at="2021-01-28T18:14:34Z">
      <class name="tests.Name">
        <test-method status="PASS" signature="nameTest()[pri:0, instance:tests.Name@4678c730]" name="nameTest" duration-ms="9" started-at="2021-01-28T18:14:34Z" finished-at="2021-01-28T18:14:34Z">
          <reporter-output>
          </reporter-output>
        </test-method> <!-- nameTest -->
      </class> <!-- tests.Name -->
    </test> <!-- Default test -->
  </suite> <!-- Default suite -->
</testng-results>
